\BOOKMARK [1][-]{section.1}{Introduction}{}% 1
\BOOKMARK [1][-]{section.2}{Getting the Default Survey Running}{}% 2
\BOOKMARK [2][-]{subsection.2.1}{Obtaining the source code}{section.2}% 3
\BOOKMARK [2][-]{subsection.2.2}{Setting Your Passwords and Server Information}{section.2}% 4
\BOOKMARK [2][-]{subsection.2.3}{Customizing how the HIT is Displayed on MTurk}{section.2}% 5
\BOOKMARK [2][-]{subsection.2.4}{Deployment}{section.2}% 6
\BOOKMARK [2][-]{subsection.2.5}{Creating new Surveys on MTurk}{section.2}% 7
\BOOKMARK [1][-]{section.3}{Customizing the Survey Questions}{}% 8
\BOOKMARK [2][-]{subsection.3.1}{The Question Hash}{section.3}% 9
\BOOKMARK [3][-]{subsubsection.3.1.1}{:signature \(string\) [required]}{subsection.3.1}% 10
\BOOKMARK [3][-]{subsubsection.3.1.2}{:question\137text \(string\) [required]}{subsection.3.1}% 11
\BOOKMARK [3][-]{subsubsection.3.1.3}{:question\137type \(symbol\) [required]}{subsection.3.1}% 12
\BOOKMARK [3][-]{subsubsection.3.1.4}{:other\137response\137params \(hash\) [optional]}{subsection.3.1}% 13
\BOOKMARK [3][-]{subsubsection.3.1.5}{:response\137choices \(string array\) [required or optional]}{subsection.3.1}% 14
\BOOKMARK [3][-]{subsubsection.3.1.6}{:question\137title \(string\) [optional]}{subsection.3.1}% 15
\BOOKMARK [3][-]{subsubsection.3.1.7}{:question\137description \(string\) [optional]}{subsection.3.1}% 16
\BOOKMARK [3][-]{subsubsection.3.1.8}{:question\137type \(symbol\) [optional]}{subsection.3.1}% 17
\BOOKMARK [3][-]{subsubsection.3.1.9}{:submit\137text \(string\) [optional]}{subsection.3.1}% 18
\BOOKMARK [2][-]{subsection.3.2}{Creating General Questions}{section.3}% 19
\BOOKMARK [2][-]{subsection.3.3}{Creating Check Questions}{section.3}% 20
\BOOKMARK [2][-]{subsection.3.4}{Demographic Questions}{section.3}% 21
\BOOKMARK [2][-]{subsection.3.5}{Need For Cognition Assessment}{section.3}% 22
\BOOKMARK [2][-]{subsection.3.6}{Miscellaneous Questions}{section.3}% 23
\BOOKMARK [2][-]{subsection.3.7}{The Question Order}{section.3}% 24
\BOOKMARK [1][-]{section.4}{Customizing the Survey Presentation}{}% 25
\BOOKMARK [2][-]{subsection.4.1}{Preventing Satisficing}{section.4}% 26
\BOOKMARK [2][-]{subsection.4.2}{More Textual Customization}{section.4}% 27
\BOOKMARK [3][-]{subsubsection.4.2.1}{Separate HIT Preview Page}{subsection.4.2}% 28
\BOOKMARK [3][-]{subsubsection.4.2.2}{Question Counter}{subsection.4.2}% 29
\BOOKMARK [2][-]{subsection.4.3}{Design Customization}{section.4}% 30
\BOOKMARK [1][-]{section.5}{Experimentation Using TurkSurveyor}{}% 31
\BOOKMARK [2][-]{subsection.5.1}{Text Manipulation Studies}{section.5}% 32
\BOOKMARK [2][-]{subsection.5.2}{Presentation Method Study}{section.5}% 33
\BOOKMARK [2][-]{subsection.5.3}{Experimental Versions}{section.5}% 34
\BOOKMARK [1][-]{section.6}{The Administrator Console}{}% 35
\BOOKMARK [1][-]{section.7}{Development}{}% 36
\BOOKMARK [2][-]{subsection.7.1}{Platform Information}{section.7}% 37
\BOOKMARK [2][-]{subsection.7.2}{Add a database file}{section.7}% 38
\BOOKMARK [2][-]{subsection.7.3}{Code Contributions}{section.7}% 39
\BOOKMARK [2][-]{subsection.7.4}{Files you should not Commit}{section.7}% 40
